This is pdfTeX, Version 3.141592653-2.6-1.40.24 (TeX Live 2022/nixos.org) (preloaded format=pdflatex 1980.1.1)  12 APR 2023 21:03
entering extended mode
 restricted \write18 enabled.
 %&-line parsing enabled.
**r_and_git.tex
(./r_and_git.tex
LaTeX2e <2022-11-01> patch level 1
L3 programming layer <2023-02-22>
(/nix/store/c5rdayr3rippgdlzj765bhq3yfm066hw-texlive-combined-full-2022.2022122
7-texmf/tex/latex/beamer/beamer.cls
Document Class: beamer 2023/02/20 v3.69 A class for typesetting presentations

(/nix/store/c5rdayr3rippgdlzj765bhq3yfm066hw-texlive-combined-full-2022.2022122
7-texmf/tex/latex/beamer/beamerbasemodes.sty
(/nix/store/c5rdayr3rippgdlzj765bhq3yfm066hw-texlive-combined-full-2022.2022122
7-texmf/tex/latex/etoolbox/etoolbox.sty
Package: etoolbox 2020/10/05 v2.5k e-TeX tools for LaTeX (JAW)
\etb@tempcnta=\count185
)
\beamer@tempbox=\box51
\beamer@tempcount=\count186
\c@beamerpauses=\count187

(/nix/store/c5rdayr3rippgdlzj765bhq3yfm066hw-texlive-combined-full-2022.2022122
7-texmf/tex/latex/beamer/beamerbasedecode.sty
\beamer@slideinframe=\count188
\beamer@minimum=\count189
\beamer@decode@box=\box52
)
\beamer@commentbox=\box53
\beamer@modecount=\count190
)
(/nix/store/c5rdayr3rippgdlzj765bhq3yfm066hw-texlive-combined-full-2022.2022122
7-texmf/tex/generic/iftex/iftex.sty
Package: iftex 2022/02/03 v1.0f TeX engine tests
)
\headdp=\dimen140
\footheight=\dimen141
\sidebarheight=\dimen142
\beamer@tempdim=\dimen143
\beamer@finalheight=\dimen144
\beamer@animht=\dimen145
\beamer@animdp=\dimen146
\beamer@animwd=\dimen147
\beamer@leftmargin=\dimen148
\beamer@rightmargin=\dimen149
\beamer@leftsidebar=\dimen150
\beamer@rightsidebar=\dimen151
\beamer@boxsize=\dimen152
\beamer@vboxoffset=\dimen153
\beamer@descdefault=\dimen154
\beamer@descriptionwidth=\dimen155
\beamer@lastskip=\skip48
\beamer@areabox=\box54
\beamer@animcurrent=\box55
\beamer@animshowbox=\box56
\beamer@sectionbox=\box57
\beamer@logobox=\box58
\beamer@linebox=\box59
\beamer@sectioncount=\count191
\beamer@subsubsectionmax=\count192
\beamer@subsectionmax=\count193
\beamer@sectionmax=\count194
\beamer@totalheads=\count195
\beamer@headcounter=\count196
\beamer@partstartpage=\count197
\beamer@sectionstartpage=\count198
\beamer@subsectionstartpage=\count199
\beamer@animationtempa=\count266
\beamer@animationtempb=\count267
\beamer@xpos=\count268
\beamer@ypos=\count269
\beamer@ypos@offset=\count270
\beamer@showpartnumber=\count271
\beamer@currentsubsection=\count272
\beamer@coveringdepth=\count273
\beamer@sectionadjust=\count274
\beamer@toclastsection=\count275
\beamer@tocsectionnumber=\count276

(/nix/store/c5rdayr3rippgdlzj765bhq3yfm066hw-texlive-combined-full-2022.2022122
7-texmf/tex/latex/beamer/beamerbaseoptions.sty
(/nix/store/c5rdayr3rippgdlzj765bhq3yfm066hw-texlive-combined-full-2022.2022122
7-texmf/tex/latex/graphics/keyval.sty
Package: keyval 2022/05/29 v1.15 key=value parser (DPC)
\KV@toks@=\toks16
))
\beamer@paperwidth=\skip49
\beamer@paperheight=\skip50

(/nix/store/c5rdayr3rippgdlzj765bhq3yfm066hw-texlive-combined-full-2022.2022122
7-texmf/tex/latex/geometry/geometry.sty
Package: geometry 2020/01/02 v5.9 Page Geometry

(/nix/store/c5rdayr3rippgdlzj765bhq3yfm066hw-texlive-combined-full-2022.2022122
7-texmf/tex/generic/iftex/ifvtex.sty
Package: ifvtex 2019/10/25 v1.7 ifvtex legacy package. Use iftex instead.
)
\Gm@cnth=\count277
\Gm@cntv=\count278
\c@Gm@tempcnt=\count279
\Gm@bindingoffset=\dimen156
\Gm@wd@mp=\dimen157
\Gm@odd@mp=\dimen158
\Gm@even@mp=\dimen159
\Gm@layoutwidth=\dimen160
\Gm@layoutheight=\dimen161
\Gm@layouthoffset=\dimen162
\Gm@layoutvoffset=\dimen163
\Gm@dimlist=\toks17
)
(/nix/store/c5rdayr3rippgdlzj765bhq3yfm066hw-texlive-combined-full-2022.2022122
7-texmf/tex/latex/pgf/math/pgfmath.sty
(/nix/store/c5rdayr3rippgdlzj765bhq3yfm066hw-texlive-combined-full-2022.2022122
7-texmf/tex/latex/pgf/utilities/pgfrcs.sty
(/nix/store/c5rdayr3rippgdlzj765bhq3yfm066hw-texlive-combined-full-2022.2022122
7-texmf/tex/generic/pgf/utilities/pgfutil-common.tex
\pgfutil@everybye=\toks18
\pgfutil@tempdima=\dimen164
\pgfutil@tempdimb=\dimen165
)
(/nix/store/c5rdayr3rippgdlzj765bhq3yfm066hw-texlive-combined-full-2022.2022122
7-texmf/tex/generic/pgf/utilities/pgfutil-latex.def
\pgfutil@abb=\box60
)
(/nix/store/c5rdayr3rippgdlzj765bhq3yfm066hw-texlive-combined-full-2022.2022122
7-texmf/tex/generic/pgf/utilities/pgfrcs.code.tex
(/nix/store/c5rdayr3rippgdlzj765bhq3yfm066hw-texlive-combined-full-2022.2022122
7-texmf/tex/generic/pgf/pgf.revision.tex)
Package: pgfrcs 2023-01-15 v3.1.10 (3.1.10)
))
(/nix/store/c5rdayr3rippgdlzj765bhq3yfm066hw-texlive-combined-full-2022.2022122
7-texmf/tex/latex/pgf/utilities/pgfkeys.sty
(/nix/store/c5rdayr3rippgdlzj765bhq3yfm066hw-texlive-combined-full-2022.2022122
7-texmf/tex/generic/pgf/utilities/pgfkeys.code.tex
\pgfkeys@pathtoks=\toks19
\pgfkeys@temptoks=\toks20

(/nix/store/c5rdayr3rippgdlzj765bhq3yfm066hw-texlive-combined-full-2022.2022122
7-texmf/tex/generic/pgf/utilities/pgfkeyslibraryfiltered.code.tex
\pgfkeys@tmptoks=\toks21
)))
(/nix/store/c5rdayr3rippgdlzj765bhq3yfm066hw-texlive-combined-full-2022.2022122
7-texmf/tex/generic/pgf/math/pgfmath.code.tex
(/nix/store/c5rdayr3rippgdlzj765bhq3yfm066hw-texlive-combined-full-2022.2022122
7-texmf/tex/generic/pgf/math/pgfmathutil.code.tex
\pgf@x=\dimen166
\pgf@xa=\dimen167
\pgf@xb=\dimen168
\pgf@xc=\dimen169
\pgf@y=\dimen170
\pgf@ya=\dimen171
\pgf@yb=\dimen172
\pgf@yc=\dimen173
\c@pgf@counta=\count280
\c@pgf@countb=\count281
\c@pgf@countc=\count282
\c@pgf@countd=\count283
)
(/nix/store/c5rdayr3rippgdlzj765bhq3yfm066hw-texlive-combined-full-2022.2022122
7-texmf/tex/generic/pgf/math/pgfmathparser.code.tex
\pgfmath@dimen=\dimen174
\pgfmath@count=\count284
\pgfmath@box=\box61
\pgfmath@toks=\toks22
\pgfmath@stack@operand=\toks23
\pgfmath@stack@operation=\toks24
)
(/nix/store/c5rdayr3rippgdlzj765bhq3yfm066hw-texlive-combined-full-2022.2022122
7-texmf/tex/generic/pgf/math/pgfmathfunctions.code.tex)
(/nix/store/c5rdayr3rippgdlzj765bhq3yfm066hw-texlive-combined-full-2022.2022122
7-texmf/tex/generic/pgf/math/pgfmathfunctions.basic.code.tex)
(/nix/store/c5rdayr3rippgdlzj765bhq3yfm066hw-texlive-combined-full-2022.2022122
7-texmf/tex/generic/pgf/math/pgfmathfunctions.trigonometric.code.tex)
(/nix/store/c5rdayr3rippgdlzj765bhq3yfm066hw-texlive-combined-full-2022.2022122
7-texmf/tex/generic/pgf/math/pgfmathfunctions.random.code.tex)
(/nix/store/c5rdayr3rippgdlzj765bhq3yfm066hw-texlive-combined-full-2022.2022122
7-texmf/tex/generic/pgf/math/pgfmathfunctions.comparison.code.tex)
(/nix/store/c5rdayr3rippgdlzj765bhq3yfm066hw-texlive-combined-full-2022.2022122
7-texmf/tex/generic/pgf/math/pgfmathfunctions.base.code.tex)
(/nix/store/c5rdayr3rippgdlzj765bhq3yfm066hw-texlive-combined-full-2022.2022122
7-texmf/tex/generic/pgf/math/pgfmathfunctions.round.code.tex)
(/nix/store/c5rdayr3rippgdlzj765bhq3yfm066hw-texlive-combined-full-2022.2022122
7-texmf/tex/generic/pgf/math/pgfmathfunctions.misc.code.tex)
(/nix/store/c5rdayr3rippgdlzj765bhq3yfm066hw-texlive-combined-full-2022.2022122
7-texmf/tex/generic/pgf/math/pgfmathfunctions.integerarithmetics.code.tex)
(/nix/store/c5rdayr3rippgdlzj765bhq3yfm066hw-texlive-combined-full-2022.2022122
7-texmf/tex/generic/pgf/math/pgfmathcalc.code.tex)
(/nix/store/c5rdayr3rippgdlzj765bhq3yfm066hw-texlive-combined-full-2022.2022122
7-texmf/tex/generic/pgf/math/pgfmathfloat.code.tex
\c@pgfmathroundto@lastzeros=\count285
)))
(/nix/store/c5rdayr3rippgdlzj765bhq3yfm066hw-texlive-combined-full-2022.2022122
7-texmf/tex/latex/extsizes/size9.clo
File: size9.clo 1999/11/11 v1.4a NON-Standard LaTeX file (size option)
)
(/nix/store/c5rdayr3rippgdlzj765bhq3yfm066hw-texlive-combined-full-2022.2022122
7-texmf/tex/latex/pgf/basiclayer/pgfcore.sty
(/nix/store/c5rdayr3rippgdlzj765bhq3yfm066hw-texlive-combined-full-2022.2022122
7-texmf/tex/latex/graphics/graphicx.sty
Package: graphicx 2021/09/16 v1.2d Enhanced LaTeX Graphics (DPC,SPQR)

(/nix/store/c5rdayr3rippgdlzj765bhq3yfm066hw-texlive-combined-full-2022.2022122
7-texmf/tex/latex/graphics/graphics.sty
Package: graphics 2022/03/10 v1.4e Standard LaTeX Graphics (DPC,SPQR)

(/nix/store/c5rdayr3rippgdlzj765bhq3yfm066hw-texlive-combined-full-2022.2022122
7-texmf/tex/latex/graphics/trig.sty
Package: trig 2021/08/11 v1.11 sin cos tan (DPC)
)
(/nix/store/c5rdayr3rippgdlzj765bhq3yfm066hw-texlive-combined-full-2022.2022122
7-texmf/tex/latex/graphics-cfg/graphics.cfg
File: graphics.cfg 2016/06/04 v1.11 sample graphics configuration
)
Package graphics Info: Driver file: pdftex.def on input line 107.

(/nix/store/c5rdayr3rippgdlzj765bhq3yfm066hw-texlive-combined-full-2022.2022122
7-texmf/tex/latex/graphics-def/pdftex.def
File: pdftex.def 2022/09/22 v1.2b Graphics/color driver for pdftex
))
\Gin@req@height=\dimen175
\Gin@req@width=\dimen176
)
(/nix/store/c5rdayr3rippgdlzj765bhq3yfm066hw-texlive-combined-full-2022.2022122
7-texmf/tex/latex/pgf/systemlayer/pgfsys.sty
(/nix/store/c5rdayr3rippgdlzj765bhq3yfm066hw-texlive-combined-full-2022.2022122
7-texmf/tex/generic/pgf/systemlayer/pgfsys.code.tex
Package: pgfsys 2023-01-15 v3.1.10 (3.1.10)
\pgf@x=\dimen177
\pgf@y=\dimen178
\pgf@xa=\dimen179
\pgf@ya=\dimen180
\pgf@xb=\dimen181
\pgf@yb=\dimen182
\pgf@xc=\dimen183
\pgf@yc=\dimen184
\pgf@xd=\dimen185
\pgf@yd=\dimen186
\w@pgf@writea=\write3
\r@pgf@reada=\read2
\c@pgf@counta=\count286
\c@pgf@countb=\count287
\c@pgf@countc=\count288
\c@pgf@countd=\count289
\t@pgf@toka=\toks25
\t@pgf@tokb=\toks26
\t@pgf@tokc=\toks27
\pgf@sys@id@count=\count290

(/nix/store/c5rdayr3rippgdlzj765bhq3yfm066hw-texlive-combined-full-2022.2022122
7-texmf/tex/generic/pgf/systemlayer/pgf.cfg
File: pgf.cfg 2023-01-15 v3.1.10 (3.1.10)
)
Driver file for pgf: pgfsys-pdftex.def

(/nix/store/c5rdayr3rippgdlzj765bhq3yfm066hw-texlive-combined-full-2022.2022122
7-texmf/tex/generic/pgf/systemlayer/pgfsys-pdftex.def
File: pgfsys-pdftex.def 2023-01-15 v3.1.10 (3.1.10)

(/nix/store/c5rdayr3rippgdlzj765bhq3yfm066hw-texlive-combined-full-2022.2022122
7-texmf/tex/generic/pgf/systemlayer/pgfsys-common-pdf.def
File: pgfsys-common-pdf.def 2023-01-15 v3.1.10 (3.1.10)
)))
(/nix/store/c5rdayr3rippgdlzj765bhq3yfm066hw-texlive-combined-full-2022.2022122
7-texmf/tex/generic/pgf/systemlayer/pgfsyssoftpath.code.tex
File: pgfsyssoftpath.code.tex 2023-01-15 v3.1.10 (3.1.10)
\pgfsyssoftpath@smallbuffer@items=\count291
\pgfsyssoftpath@bigbuffer@items=\count292
)
(/nix/store/c5rdayr3rippgdlzj765bhq3yfm066hw-texlive-combined-full-2022.2022122
7-texmf/tex/generic/pgf/systemlayer/pgfsysprotocol.code.tex
File: pgfsysprotocol.code.tex 2023-01-15 v3.1.10 (3.1.10)
))
(/nix/store/c5rdayr3rippgdlzj765bhq3yfm066hw-texlive-combined-full-2022.2022122
7-texmf/tex/latex/xcolor/xcolor.sty
Package: xcolor 2022/06/12 v2.14 LaTeX color extensions (UK)

(/nix/store/c5rdayr3rippgdlzj765bhq3yfm066hw-texlive-combined-full-2022.2022122
7-texmf/tex/latex/graphics-cfg/color.cfg
File: color.cfg 2016/01/02 v1.6 sample color configuration
)
Package xcolor Info: Driver file: pdftex.def on input line 227.

(/nix/store/c5rdayr3rippgdlzj765bhq3yfm066hw-texlive-combined-full-2022.2022122
7-texmf/tex/latex/graphics/mathcolor.ltx)
Package xcolor Info: Model `cmy' substituted by `cmy0' on input line 1353.
Package xcolor Info: Model `hsb' substituted by `rgb' on input line 1357.
Package xcolor Info: Model `RGB' extended on input line 1369.
Package xcolor Info: Model `HTML' substituted by `rgb' on input line 1371.
Package xcolor Info: Model `Hsb' substituted by `hsb' on input line 1372.
Package xcolor Info: Model `tHsb' substituted by `hsb' on input line 1373.
Package xcolor Info: Model `HSB' substituted by `hsb' on input line 1374.
Package xcolor Info: Model `Gray' substituted by `gray' on input line 1375.
Package xcolor Info: Model `wave' substituted by `hsb' on input line 1376.
)
(/nix/store/c5rdayr3rippgdlzj765bhq3yfm066hw-texlive-combined-full-2022.2022122
7-texmf/tex/generic/pgf/basiclayer/pgfcore.code.tex
Package: pgfcore 2023-01-15 v3.1.10 (3.1.10)

(/nix/store/c5rdayr3rippgdlzj765bhq3yfm066hw-texlive-combined-full-2022.2022122
7-texmf/tex/generic/pgf/math/pgfint.code.tex)
(/nix/store/c5rdayr3rippgdlzj765bhq3yfm066hw-texlive-combined-full-2022.2022122
7-texmf/tex/generic/pgf/basiclayer/pgfcorepoints.code.tex
File: pgfcorepoints.code.tex 2023-01-15 v3.1.10 (3.1.10)
\pgf@picminx=\dimen187
\pgf@picmaxx=\dimen188
\pgf@picminy=\dimen189
\pgf@picmaxy=\dimen190
\pgf@pathminx=\dimen191
\pgf@pathmaxx=\dimen192
\pgf@pathminy=\dimen193
\pgf@pathmaxy=\dimen194
\pgf@xx=\dimen195
\pgf@xy=\dimen196
\pgf@yx=\dimen197
\pgf@yy=\dimen198
\pgf@zx=\dimen199
\pgf@zy=\dimen256
)
(/nix/store/c5rdayr3rippgdlzj765bhq3yfm066hw-texlive-combined-full-2022.2022122
7-texmf/tex/generic/pgf/basiclayer/pgfcorepathconstruct.code.tex
File: pgfcorepathconstruct.code.tex 2023-01-15 v3.1.10 (3.1.10)
\pgf@path@lastx=\dimen257
\pgf@path@lasty=\dimen258
)
(/nix/store/c5rdayr3rippgdlzj765bhq3yfm066hw-texlive-combined-full-2022.2022122
7-texmf/tex/generic/pgf/basiclayer/pgfcorepathusage.code.tex
File: pgfcorepathusage.code.tex 2023-01-15 v3.1.10 (3.1.10)
\pgf@shorten@end@additional=\dimen259
\pgf@shorten@start@additional=\dimen260
)
(/nix/store/c5rdayr3rippgdlzj765bhq3yfm066hw-texlive-combined-full-2022.2022122
7-texmf/tex/generic/pgf/basiclayer/pgfcorescopes.code.tex
File: pgfcorescopes.code.tex 2023-01-15 v3.1.10 (3.1.10)
\pgfpic=\box62
\pgf@hbox=\box63
\pgf@layerbox@main=\box64
\pgf@picture@serial@count=\count293
)
(/nix/store/c5rdayr3rippgdlzj765bhq3yfm066hw-texlive-combined-full-2022.2022122
7-texmf/tex/generic/pgf/basiclayer/pgfcoregraphicstate.code.tex
File: pgfcoregraphicstate.code.tex 2023-01-15 v3.1.10 (3.1.10)
\pgflinewidth=\dimen261
)
(/nix/store/c5rdayr3rippgdlzj765bhq3yfm066hw-texlive-combined-full-2022.2022122
7-texmf/tex/generic/pgf/basiclayer/pgfcoretransformations.code.tex
File: pgfcoretransformations.code.tex 2023-01-15 v3.1.10 (3.1.10)
\pgf@pt@x=\dimen262
\pgf@pt@y=\dimen263
\pgf@pt@temp=\dimen264
)
(/nix/store/c5rdayr3rippgdlzj765bhq3yfm066hw-texlive-combined-full-2022.2022122
7-texmf/tex/generic/pgf/basiclayer/pgfcorequick.code.tex
File: pgfcorequick.code.tex 2023-01-15 v3.1.10 (3.1.10)
)
(/nix/store/c5rdayr3rippgdlzj765bhq3yfm066hw-texlive-combined-full-2022.2022122
7-texmf/tex/generic/pgf/basiclayer/pgfcoreobjects.code.tex
File: pgfcoreobjects.code.tex 2023-01-15 v3.1.10 (3.1.10)
)
(/nix/store/c5rdayr3rippgdlzj765bhq3yfm066hw-texlive-combined-full-2022.2022122
7-texmf/tex/generic/pgf/basiclayer/pgfcorepathprocessing.code.tex
File: pgfcorepathprocessing.code.tex 2023-01-15 v3.1.10 (3.1.10)
)
(/nix/store/c5rdayr3rippgdlzj765bhq3yfm066hw-texlive-combined-full-2022.2022122
7-texmf/tex/generic/pgf/basiclayer/pgfcorearrows.code.tex
File: pgfcorearrows.code.tex 2023-01-15 v3.1.10 (3.1.10)
\pgfarrowsep=\dimen265
)
(/nix/store/c5rdayr3rippgdlzj765bhq3yfm066hw-texlive-combined-full-2022.2022122
7-texmf/tex/generic/pgf/basiclayer/pgfcoreshade.code.tex
File: pgfcoreshade.code.tex 2023-01-15 v3.1.10 (3.1.10)
\pgf@max=\dimen266
\pgf@sys@shading@range@num=\count294
\pgf@shadingcount=\count295
)
(/nix/store/c5rdayr3rippgdlzj765bhq3yfm066hw-texlive-combined-full-2022.2022122
7-texmf/tex/generic/pgf/basiclayer/pgfcoreimage.code.tex
File: pgfcoreimage.code.tex 2023-01-15 v3.1.10 (3.1.10)
)
(/nix/store/c5rdayr3rippgdlzj765bhq3yfm066hw-texlive-combined-full-2022.2022122
7-texmf/tex/generic/pgf/basiclayer/pgfcoreexternal.code.tex
File: pgfcoreexternal.code.tex 2023-01-15 v3.1.10 (3.1.10)
\pgfexternal@startupbox=\box65
)
(/nix/store/c5rdayr3rippgdlzj765bhq3yfm066hw-texlive-combined-full-2022.2022122
7-texmf/tex/generic/pgf/basiclayer/pgfcorelayers.code.tex
File: pgfcorelayers.code.tex 2023-01-15 v3.1.10 (3.1.10)
)
(/nix/store/c5rdayr3rippgdlzj765bhq3yfm066hw-texlive-combined-full-2022.2022122
7-texmf/tex/generic/pgf/basiclayer/pgfcoretransparency.code.tex
File: pgfcoretransparency.code.tex 2023-01-15 v3.1.10 (3.1.10)
)
(/nix/store/c5rdayr3rippgdlzj765bhq3yfm066hw-texlive-combined-full-2022.2022122
7-texmf/tex/generic/pgf/basiclayer/pgfcorepatterns.code.tex
File: pgfcorepatterns.code.tex 2023-01-15 v3.1.10 (3.1.10)
)
(/nix/store/c5rdayr3rippgdlzj765bhq3yfm066hw-texlive-combined-full-2022.2022122
7-texmf/tex/generic/pgf/basiclayer/pgfcorerdf.code.tex
File: pgfcorerdf.code.tex 2023-01-15 v3.1.10 (3.1.10)
)))
(/nix/store/c5rdayr3rippgdlzj765bhq3yfm066hw-texlive-combined-full-2022.2022122
7-texmf/tex/latex/pgf/utilities/xxcolor.sty
Package: xxcolor 2003/10/24 ver 0.1
\XC@nummixins=\count296
\XC@countmixins=\count297
)
(/nix/store/c5rdayr3rippgdlzj765bhq3yfm066hw-texlive-combined-full-2022.2022122
7-texmf/tex/latex/base/atbegshi-ltx.sty
Package: atbegshi-ltx 2021/01/10 v1.0c Emulation of the original atbegshi
package with kernel methods
)
(/nix/store/c5rdayr3rippgdlzj765bhq3yfm066hw-texlive-combined-full-2022.2022122
7-texmf/tex/latex/hyperref/hyperref.sty
Package: hyperref 2023-02-07 v7.00v Hypertext links for LaTeX

(/nix/store/c5rdayr3rippgdlzj765bhq3yfm066hw-texlive-combined-full-2022.2022122
7-texmf/tex/generic/ltxcmds/ltxcmds.sty
Package: ltxcmds 2020-05-10 v1.25 LaTeX kernel commands for general use (HO)
)
(/nix/store/c5rdayr3rippgdlzj765bhq3yfm066hw-texlive-combined-full-2022.2022122
7-texmf/tex/generic/pdftexcmds/pdftexcmds.sty
Package: pdftexcmds 2020-06-27 v0.33 Utility functions of pdfTeX for LuaTeX (HO
)

(/nix/store/c5rdayr3rippgdlzj765bhq3yfm066hw-texlive-combined-full-2022.2022122
7-texmf/tex/generic/infwarerr/infwarerr.sty
Package: infwarerr 2019/12/03 v1.5 Providing info/warning/error messages (HO)
)
Package pdftexcmds Info: \pdf@primitive is available.
Package pdftexcmds Info: \pdf@ifprimitive is available.
Package pdftexcmds Info: \pdfdraftmode found.
)
(/nix/store/c5rdayr3rippgdlzj765bhq3yfm066hw-texlive-combined-full-2022.2022122
7-texmf/tex/latex/kvsetkeys/kvsetkeys.sty
Package: kvsetkeys 2022-10-05 v1.19 Key value parser (HO)
)
(/nix/store/c5rdayr3rippgdlzj765bhq3yfm066hw-texlive-combined-full-2022.2022122
7-texmf/tex/generic/kvdefinekeys/kvdefinekeys.sty
Package: kvdefinekeys 2019-12-19 v1.6 Define keys (HO)
)
(/nix/store/c5rdayr3rippgdlzj765bhq3yfm066hw-texlive-combined-full-2022.2022122
7-texmf/tex/generic/pdfescape/pdfescape.sty
Package: pdfescape 2019/12/09 v1.15 Implements pdfTeX's escape features (HO)
)
(/nix/store/c5rdayr3rippgdlzj765bhq3yfm066hw-texlive-combined-full-2022.2022122
7-texmf/tex/latex/hycolor/hycolor.sty
Package: hycolor 2020-01-27 v1.10 Color options for hyperref/bookmark (HO)
)
(/nix/store/c5rdayr3rippgdlzj765bhq3yfm066hw-texlive-combined-full-2022.2022122
7-texmf/tex/latex/letltxmacro/letltxmacro.sty
Package: letltxmacro 2019/12/03 v1.6 Let assignment for LaTeX macros (HO)
)
(/nix/store/c5rdayr3rippgdlzj765bhq3yfm066hw-texlive-combined-full-2022.2022122
7-texmf/tex/latex/auxhook/auxhook.sty
Package: auxhook 2019-12-17 v1.6 Hooks for auxiliary files (HO)
)
(/nix/store/c5rdayr3rippgdlzj765bhq3yfm066hw-texlive-combined-full-2022.2022122
7-texmf/tex/latex/hyperref/nameref.sty
Package: nameref 2022-05-17 v2.50 Cross-referencing by name of section

(/nix/store/c5rdayr3rippgdlzj765bhq3yfm066hw-texlive-combined-full-2022.2022122
7-texmf/tex/latex/refcount/refcount.sty
Package: refcount 2019/12/15 v3.6 Data extraction from label references (HO)
)
(/nix/store/c5rdayr3rippgdlzj765bhq3yfm066hw-texlive-combined-full-2022.2022122
7-texmf/tex/generic/gettitlestring/gettitlestring.sty
Package: gettitlestring 2019/12/15 v1.6 Cleanup title references (HO)

(/nix/store/c5rdayr3rippgdlzj765bhq3yfm066hw-texlive-combined-full-2022.2022122
7-texmf/tex/latex/kvoptions/kvoptions.sty
Package: kvoptions 2022-06-15 v3.15 Key value format for package options (HO)
))
\c@section@level=\count298
)
\@linkdim=\dimen267
\Hy@linkcounter=\count299
\Hy@pagecounter=\count300

(/nix/store/c5rdayr3rippgdlzj765bhq3yfm066hw-texlive-combined-full-2022.2022122
7-texmf/tex/latex/hyperref/pd1enc.def
File: pd1enc.def 2023-02-07 v7.00v Hyperref: PDFDocEncoding definition (HO)
Now handling font encoding PD1 ...
... no UTF-8 mapping file for font encoding PD1
)
(/nix/store/c5rdayr3rippgdlzj765bhq3yfm066hw-texlive-combined-full-2022.2022122
7-texmf/tex/generic/intcalc/intcalc.sty
Package: intcalc 2019/12/15 v1.3 Expandable calculations with integers (HO)
)
(/nix/store/c5rdayr3rippgdlzj765bhq3yfm066hw-texlive-combined-full-2022.2022122
7-texmf/tex/generic/etexcmds/etexcmds.sty
Package: etexcmds 2019/12/15 v1.7 Avoid name clashes with e-TeX commands (HO)
)
\Hy@SavedSpaceFactor=\count301

(/nix/store/c5rdayr3rippgdlzj765bhq3yfm066hw-texlive-combined-full-2022.2022122
7-texmf/tex/latex/hyperref/puenc.def
File: puenc.def 2023-02-07 v7.00v Hyperref: PDF Unicode definition (HO)
Now handling font encoding PU ...
... no UTF-8 mapping file for font encoding PU
)
Package hyperref Info: Option `unicode' set `true' on input line 4060.
Package hyperref Info: Option `bookmarks' set `true' on input line 4060.
Package hyperref Info: Option `bookmarksopen' set `true' on input line 4060.
Package hyperref Info: Option `implicit' set `false' on input line 4060.
Package hyperref Info: Hyper figures OFF on input line 4177.
Package hyperref Info: Link nesting OFF on input line 4182.
Package hyperref Info: Hyper index ON on input line 4185.
Package hyperref Info: Plain pages OFF on input line 4192.
Package hyperref Info: Backreferencing OFF on input line 4197.
Package hyperref Info: Implicit mode OFF; no redefinition of LaTeX internals.
Package hyperref Info: Bookmarks ON on input line 4425.
\c@Hy@tempcnt=\count302

(/nix/store/c5rdayr3rippgdlzj765bhq3yfm066hw-texlive-combined-full-2022.2022122
7-texmf/tex/latex/url/url.sty
\Urlmuskip=\muskip16
Package: url 2013/09/16  ver 3.4  Verb mode for urls, etc.
)
LaTeX Info: Redefining \url on input line 4763.
\XeTeXLinkMargin=\dimen268

(/nix/store/c5rdayr3rippgdlzj765bhq3yfm066hw-texlive-combined-full-2022.2022122
7-texmf/tex/generic/bitset/bitset.sty
Package: bitset 2019/12/09 v1.3 Handle bit-vector datatype (HO)

(/nix/store/c5rdayr3rippgdlzj765bhq3yfm066hw-texlive-combined-full-2022.2022122
7-texmf/tex/generic/bigintcalc/bigintcalc.sty
Package: bigintcalc 2019/12/15 v1.5 Expandable calculations on big integers (HO
)
))
\Fld@menulength=\count303
\Field@Width=\dimen269
\Fld@charsize=\dimen270
Package hyperref Info: Hyper figures OFF on input line 6042.
Package hyperref Info: Link nesting OFF on input line 6047.
Package hyperref Info: Hyper index ON on input line 6050.
Package hyperref Info: backreferencing OFF on input line 6057.
Package hyperref Info: Link coloring OFF on input line 6062.
Package hyperref Info: Link coloring with OCG OFF on input line 6067.
Package hyperref Info: PDF/A mode OFF on input line 6072.
\Hy@abspage=\count304

Package hyperref Message: Stopped early.

)
Package hyperref Info: Driver (autodetected): hpdftex.

(/nix/store/c5rdayr3rippgdlzj765bhq3yfm066hw-texlive-combined-full-2022.2022122
7-texmf/tex/latex/hyperref/hpdftex.def
File: hpdftex.def 2023-02-07 v7.00v Hyperref driver for pdfTeX

(/nix/store/c5rdayr3rippgdlzj765bhq3yfm066hw-texlive-combined-full-2022.2022122
7-texmf/tex/latex/base/atveryend-ltx.sty
Package: atveryend-ltx 2020/08/19 v1.0a Emulation of the original atveryend pac
kage
with kernel methods
)
\Fld@listcount=\count305
\c@bookmark@seq@number=\count306

(/nix/store/c5rdayr3rippgdlzj765bhq3yfm066hw-texlive-combined-full-2022.2022122
7-texmf/tex/latex/rerunfilecheck/rerunfilecheck.sty
Package: rerunfilecheck 2022-07-10 v1.10 Rerun checks for auxiliary files (HO)

(/nix/store/c5rdayr3rippgdlzj765bhq3yfm066hw-texlive-combined-full-2022.2022122
7-texmf/tex/generic/uniquecounter/uniquecounter.sty
Package: uniquecounter 2019/12/15 v1.4 Provide unlimited unique counter (HO)
)
Package uniquecounter Info: New unique counter `rerunfilecheck' on input line 2
85.
))
(/nix/store/c5rdayr3rippgdlzj765bhq3yfm066hw-texlive-combined-full-2022.2022122
7-texmf/tex/latex/beamer/beamerbaserequires.sty
(/nix/store/c5rdayr3rippgdlzj765bhq3yfm066hw-texlive-combined-full-2022.2022122
7-texmf/tex/latex/beamer/beamerbasecompatibility.sty)
(/nix/store/c5rdayr3rippgdlzj765bhq3yfm066hw-texlive-combined-full-2022.2022122
7-texmf/tex/latex/beamer/beamerbasefont.sty
(/nix/store/c5rdayr3rippgdlzj765bhq3yfm066hw-texlive-combined-full-2022.2022122
7-texmf/tex/latex/amsfonts/amssymb.sty
Package: amssymb 2013/01/14 v3.01 AMS font symbols

(/nix/store/c5rdayr3rippgdlzj765bhq3yfm066hw-texlive-combined-full-2022.2022122
7-texmf/tex/latex/amsfonts/amsfonts.sty
Package: amsfonts 2013/01/14 v3.01 Basic AMSFonts support
\@emptytoks=\toks28
\symAMSa=\mathgroup4
\symAMSb=\mathgroup5
LaTeX Font Info:    Redeclaring math symbol \hbar on input line 98.
LaTeX Font Info:    Overwriting math alphabet `\mathfrak' in version `bold'
(Font)                  U/euf/m/n --> U/euf/b/n on input line 106.
))
(/nix/store/c5rdayr3rippgdlzj765bhq3yfm066hw-texlive-combined-full-2022.2022122
7-texmf/tex/latex/sansmathaccent/sansmathaccent.sty
Package: sansmathaccent 2020/01/31

(/nix/store/c5rdayr3rippgdlzj765bhq3yfm066hw-texlive-combined-full-2022.2022122
7-texmf/tex/latex/koma-script/scrlfile.sty
Package: scrlfile 2022/10/12 v3.38 KOMA-Script package (file load hooks)

(/nix/store/c5rdayr3rippgdlzj765bhq3yfm066hw-texlive-combined-full-2022.2022122
7-texmf/tex/latex/koma-script/scrlfile-hook.sty
Package: scrlfile-hook 2022/10/12 v3.38 KOMA-Script package (using LaTeX hooks)


(/nix/store/c5rdayr3rippgdlzj765bhq3yfm066hw-texlive-combined-full-2022.2022122
7-texmf/tex/latex/koma-script/scrlogo.sty
Package: scrlogo 2022/10/12 v3.38 KOMA-Script package (logo)
)))))
(/nix/store/c5rdayr3rippgdlzj765bhq3yfm066hw-texlive-combined-full-2022.2022122
7-texmf/tex/latex/beamer/beamerbasetranslator.sty
(/nix/store/c5rdayr3rippgdlzj765bhq3yfm066hw-texlive-combined-full-2022.2022122
7-texmf/tex/latex/translator/translator.sty
Package: translator 2021-05-31 v1.12d Easy translation of strings in LaTeX
))
(/nix/store/c5rdayr3rippgdlzj765bhq3yfm066hw-texlive-combined-full-2022.2022122
7-texmf/tex/latex/beamer/beamerbasemisc.sty)
(/nix/store/c5rdayr3rippgdlzj765bhq3yfm066hw-texlive-combined-full-2022.2022122
7-texmf/tex/latex/beamer/beamerbasetwoscreens.sty)
(/nix/store/c5rdayr3rippgdlzj765bhq3yfm066hw-texlive-combined-full-2022.2022122
7-texmf/tex/latex/beamer/beamerbaseoverlay.sty
\beamer@argscount=\count307
\beamer@lastskipcover=\skip51
\beamer@trivlistdepth=\count308
)
(/nix/store/c5rdayr3rippgdlzj765bhq3yfm066hw-texlive-combined-full-2022.2022122
7-texmf/tex/latex/beamer/beamerbasetitle.sty)
(/nix/store/c5rdayr3rippgdlzj765bhq3yfm066hw-texlive-combined-full-2022.2022122
7-texmf/tex/latex/beamer/beamerbasesection.sty
\c@lecture=\count309
\c@part=\count310
\c@section=\count311
\c@subsection=\count312
\c@subsubsection=\count313
)
(/nix/store/c5rdayr3rippgdlzj765bhq3yfm066hw-texlive-combined-full-2022.2022122
7-texmf/tex/latex/beamer/beamerbaseframe.sty
\beamer@framebox=\box66
\beamer@frametitlebox=\box67
\beamer@zoombox=\box68
\beamer@zoomcount=\count314
\beamer@zoomframecount=\count315
\beamer@frametextheight=\dimen271
\c@subsectionslide=\count316
\beamer@frametopskip=\skip52
\beamer@framebottomskip=\skip53
\beamer@frametopskipautobreak=\skip54
\beamer@framebottomskipautobreak=\skip55
\beamer@envbody=\toks29
\framewidth=\dimen272
\c@framenumber=\count317
)
(/nix/store/c5rdayr3rippgdlzj765bhq3yfm066hw-texlive-combined-full-2022.2022122
7-texmf/tex/latex/beamer/beamerbaseverbatim.sty
\beamer@verbatimfileout=\write4
)
(/nix/store/c5rdayr3rippgdlzj765bhq3yfm066hw-texlive-combined-full-2022.2022122
7-texmf/tex/latex/beamer/beamerbaseframesize.sty
\beamer@splitbox=\box69
\beamer@autobreakcount=\count318
\beamer@autobreaklastheight=\dimen273
\beamer@frametitletoks=\toks30
\beamer@framesubtitletoks=\toks31
)
(/nix/store/c5rdayr3rippgdlzj765bhq3yfm066hw-texlive-combined-full-2022.2022122
7-texmf/tex/latex/beamer/beamerbaseframecomponents.sty
\beamer@footins=\box70
)
(/nix/store/c5rdayr3rippgdlzj765bhq3yfm066hw-texlive-combined-full-2022.2022122
7-texmf/tex/latex/beamer/beamerbasecolor.sty)
(/nix/store/c5rdayr3rippgdlzj765bhq3yfm066hw-texlive-combined-full-2022.2022122
7-texmf/tex/latex/beamer/beamerbasenotes.sty
\beamer@frameboxcopy=\box71
)
(/nix/store/c5rdayr3rippgdlzj765bhq3yfm066hw-texlive-combined-full-2022.2022122
7-texmf/tex/latex/beamer/beamerbasetoc.sty)
(/nix/store/c5rdayr3rippgdlzj765bhq3yfm066hw-texlive-combined-full-2022.2022122
7-texmf/tex/latex/beamer/beamerbasetemplates.sty
\beamer@sbttoks=\toks32

(/nix/store/c5rdayr3rippgdlzj765bhq3yfm066hw-texlive-combined-full-2022.2022122
7-texmf/tex/latex/beamer/beamerbaseauxtemplates.sty
(/nix/store/c5rdayr3rippgdlzj765bhq3yfm066hw-texlive-combined-full-2022.2022122
7-texmf/tex/latex/beamer/beamerbaseboxes.sty
\bmb@box=\box72
\bmb@colorbox=\box73
\bmb@boxwidth=\dimen274
\bmb@boxheight=\dimen275
\bmb@prevheight=\dimen276
\bmb@temp=\dimen277
\bmb@dima=\dimen278
\bmb@dimb=\dimen279
\bmb@prevheight=\dimen280
)
\beamer@blockheadheight=\dimen281
))
(/nix/store/c5rdayr3rippgdlzj765bhq3yfm066hw-texlive-combined-full-2022.2022122
7-texmf/tex/latex/beamer/beamerbaselocalstructure.sty
(/nix/store/c5rdayr3rippgdlzj765bhq3yfm066hw-texlive-combined-full-2022.2022122
7-texmf/tex/latex/tools/enumerate.sty
Package: enumerate 2015/07/23 v3.00 enumerate extensions (DPC)
\@enLab=\toks33
)
\beamer@bibiconwidth=\skip56
\c@figure=\count319
\c@table=\count320
\abovecaptionskip=\skip57
\belowcaptionskip=\skip58
)
(/nix/store/c5rdayr3rippgdlzj765bhq3yfm066hw-texlive-combined-full-2022.2022122
7-texmf/tex/latex/beamer/beamerbasenavigation.sty
(/nix/store/c5rdayr3rippgdlzj765bhq3yfm066hw-texlive-combined-full-2022.2022122
7-texmf/tex/latex/beamer/beamerbasenavigationsymbols.tex)
\beamer@section@min@dim=\dimen282
)
(/nix/store/c5rdayr3rippgdlzj765bhq3yfm066hw-texlive-combined-full-2022.2022122
7-texmf/tex/latex/beamer/beamerbasetheorems.sty
(/nix/store/c5rdayr3rippgdlzj765bhq3yfm066hw-texlive-combined-full-2022.2022122
7-texmf/tex/latex/amsmath/amsmath.sty
Package: amsmath 2022/04/08 v2.17n AMS math features
\@mathmargin=\skip59
For additional information on amsmath, use the `?' option.

(/nix/store/c5rdayr3rippgdlzj765bhq3yfm066hw-texlive-combined-full-2022.2022122
7-texmf/tex/latex/amsmath/amstext.sty
Package: amstext 2021/08/26 v2.01 AMS text

(/nix/store/c5rdayr3rippgdlzj765bhq3yfm066hw-texlive-combined-full-2022.2022122
7-texmf/tex/latex/amsmath/amsgen.sty
File: amsgen.sty 1999/11/30 v2.0 generic functions
\@emptytoks=\toks34
\ex@=\dimen283
))
(/nix/store/c5rdayr3rippgdlzj765bhq3yfm066hw-texlive-combined-full-2022.2022122
7-texmf/tex/latex/amsmath/amsbsy.sty
Package: amsbsy 1999/11/29 v1.2d Bold Symbols
\pmbraise@=\dimen284
)
(/nix/store/c5rdayr3rippgdlzj765bhq3yfm066hw-texlive-combined-full-2022.2022122
7-texmf/tex/latex/amsmath/amsopn.sty
Package: amsopn 2022/04/08 v2.04 operator names
)
\inf@bad=\count321
LaTeX Info: Redefining \frac on input line 234.
\uproot@=\count322
\leftroot@=\count323
LaTeX Info: Redefining \overline on input line 399.
LaTeX Info: Redefining \colon on input line 410.
\classnum@=\count324
\DOTSCASE@=\count325
LaTeX Info: Redefining \ldots on input line 496.
LaTeX Info: Redefining \dots on input line 499.
LaTeX Info: Redefining \cdots on input line 620.
\Mathstrutbox@=\box74
\strutbox@=\box75
LaTeX Info: Redefining \big on input line 722.
LaTeX Info: Redefining \Big on input line 723.
LaTeX Info: Redefining \bigg on input line 724.
LaTeX Info: Redefining \Bigg on input line 725.
\big@size=\dimen285
LaTeX Font Info:    Redeclaring font encoding OML on input line 743.
LaTeX Font Info:    Redeclaring font encoding OMS on input line 744.
\macc@depth=\count326
LaTeX Info: Redefining \bmod on input line 905.
LaTeX Info: Redefining \pmod on input line 910.
LaTeX Info: Redefining \smash on input line 940.
LaTeX Info: Redefining \relbar on input line 970.
LaTeX Info: Redefining \Relbar on input line 971.
\c@MaxMatrixCols=\count327
\dotsspace@=\muskip17
\c@parentequation=\count328
\dspbrk@lvl=\count329
\tag@help=\toks35
\row@=\count330
\column@=\count331
\maxfields@=\count332
\andhelp@=\toks36
\eqnshift@=\dimen286
\alignsep@=\dimen287
\tagshift@=\dimen288
\tagwidth@=\dimen289
\totwidth@=\dimen290
\lineht@=\dimen291
\@envbody=\toks37
\multlinegap=\skip60
\multlinetaggap=\skip61
\mathdisplay@stack=\toks38
LaTeX Info: Redefining \[ on input line 2953.
LaTeX Info: Redefining \] on input line 2954.
)
(/nix/store/c5rdayr3rippgdlzj765bhq3yfm066hw-texlive-combined-full-2022.2022122
7-texmf/tex/latex/amscls/amsthm.sty
Package: amsthm 2020/05/29 v2.20.6
\thm@style=\toks39
\thm@bodyfont=\toks40
\thm@headfont=\toks41
\thm@notefont=\toks42
\thm@headpunct=\toks43
\thm@preskip=\skip62
\thm@postskip=\skip63
\thm@headsep=\skip64
\dth@everypar=\toks44
)
\c@theorem=\count333
)
(/nix/store/c5rdayr3rippgdlzj765bhq3yfm066hw-texlive-combined-full-2022.2022122
7-texmf/tex/latex/beamer/beamerbasethemes.sty))
(/nix/store/c5rdayr3rippgdlzj765bhq3yfm066hw-texlive-combined-full-2022.2022122
7-texmf/tex/latex/beamer/beamerthemedefault.sty
(/nix/store/c5rdayr3rippgdlzj765bhq3yfm066hw-texlive-combined-full-2022.2022122
7-texmf/tex/latex/beamer/beamerfontthemedefault.sty)
(/nix/store/c5rdayr3rippgdlzj765bhq3yfm066hw-texlive-combined-full-2022.2022122
7-texmf/tex/latex/beamer/beamercolorthemedefault.sty)
(/nix/store/c5rdayr3rippgdlzj765bhq3yfm066hw-texlive-combined-full-2022.2022122
7-texmf/tex/latex/beamer/beamerinnerthemedefault.sty
\beamer@dima=\dimen292
\beamer@dimb=\dimen293
)
(/nix/store/c5rdayr3rippgdlzj765bhq3yfm066hw-texlive-combined-full-2022.2022122
7-texmf/tex/latex/beamer/beamerouterthemedefault.sty)))
(/nix/store/c5rdayr3rippgdlzj765bhq3yfm066hw-texlive-combined-full-2022.2022122
7-texmf/tex/latex/pgf/utilities/pgfpages.sty
Package: pgfpages 2011/01/05 ver 0.02

(/nix/store/c5rdayr3rippgdlzj765bhq3yfm066hw-texlive-combined-full-2022.2022122
7-texmf/tex/latex/tools/calc.sty
Package: calc 2017/05/25 v4.3 Infix arithmetic (KKT,FJ)
\calc@Acount=\count334
\calc@Bcount=\count335
\calc@Adimen=\dimen294
\calc@Bdimen=\dimen295
\calc@Askip=\skip65
\calc@Bskip=\skip66
LaTeX Info: Redefining \setlength on input line 80.
LaTeX Info: Redefining \addtolength on input line 81.
\calc@Ccount=\count336
\calc@Cskip=\skip67
)
\pgf@logicalpages=\count337
\pgf@firstshipout=\count338
\pgf@lastshipout=\count339
\pgf@currentshipout=\count340
\pgf@cpn=\count341
\pgf@shipoutnextto=\count342
\pgfphysicalheight=\dimen296
\pgfphysicalwidth=\dimen297
\pgfpages@shipoutbox=\box76
)
(/nix/store/c5rdayr3rippgdlzj765bhq3yfm066hw-texlive-combined-full-2022.2022122
7-texmf/tex/latex/lm/lmodern.sty
Package: lmodern 2015/05/01 v1.6.1 Latin Modern Fonts
LaTeX Font Info:    Overwriting symbol font `operators' in version `normal'
(Font)                  OT1/cmr/m/n --> OT1/lmr/m/n on input line 22.
LaTeX Font Info:    Overwriting symbol font `letters' in version `normal'
(Font)                  OML/cmm/m/it --> OML/lmm/m/it on input line 23.
LaTeX Font Info:    Overwriting symbol font `symbols' in version `normal'
(Font)                  OMS/cmsy/m/n --> OMS/lmsy/m/n on input line 24.
LaTeX Font Info:    Overwriting symbol font `largesymbols' in version `normal'
(Font)                  OMX/cmex/m/n --> OMX/lmex/m/n on input line 25.
LaTeX Font Info:    Overwriting symbol font `operators' in version `bold'
(Font)                  OT1/cmr/bx/n --> OT1/lmr/bx/n on input line 26.
LaTeX Font Info:    Overwriting symbol font `letters' in version `bold'
(Font)                  OML/cmm/b/it --> OML/lmm/b/it on input line 27.
LaTeX Font Info:    Overwriting symbol font `symbols' in version `bold'
(Font)                  OMS/cmsy/b/n --> OMS/lmsy/b/n on input line 28.
LaTeX Font Info:    Overwriting symbol font `largesymbols' in version `bold'
(Font)                  OMX/cmex/m/n --> OMX/lmex/m/n on input line 29.
LaTeX Font Info:    Overwriting math alphabet `\mathbf' in version `normal'
(Font)                  OT1/cmr/bx/n --> OT1/lmr/bx/n on input line 31.
LaTeX Font Info:    Overwriting math alphabet `\mathsf' in version `normal'
(Font)                  OT1/cmss/m/n --> OT1/lmss/m/n on input line 32.
LaTeX Font Info:    Overwriting math alphabet `\mathit' in version `normal'
(Font)                  OT1/cmr/m/it --> OT1/lmr/m/it on input line 33.
LaTeX Font Info:    Overwriting math alphabet `\mathtt' in version `normal'
(Font)                  OT1/cmtt/m/n --> OT1/lmtt/m/n on input line 34.
LaTeX Font Info:    Overwriting math alphabet `\mathbf' in version `bold'
(Font)                  OT1/cmr/bx/n --> OT1/lmr/bx/n on input line 35.
LaTeX Font Info:    Overwriting math alphabet `\mathsf' in version `bold'
(Font)                  OT1/cmss/bx/n --> OT1/lmss/bx/n on input line 36.
LaTeX Font Info:    Overwriting math alphabet `\mathit' in version `bold'
(Font)                  OT1/cmr/bx/it --> OT1/lmr/bx/it on input line 37.
LaTeX Font Info:    Overwriting math alphabet `\mathtt' in version `bold'
(Font)                  OT1/cmtt/m/n --> OT1/lmtt/m/n on input line 38.
)
(/nix/store/c5rdayr3rippgdlzj765bhq3yfm066hw-texlive-combined-full-2022.2022122
7-texmf/tex/latex/base/fontenc.sty
Package: fontenc 2021/04/29 v2.0v Standard LaTeX package
LaTeX Font Info:    Trying to load font information for T1+lmss on input line 1
12.

(/nix/store/c5rdayr3rippgdlzj765bhq3yfm066hw-texlive-combined-full-2022.2022122
7-texmf/tex/latex/lm/t1lmss.fd
File: t1lmss.fd 2015/05/01 v1.6.1 Font defs for Latin Modern
))
(/nix/store/c5rdayr3rippgdlzj765bhq3yfm066hw-texlive-combined-full-2022.2022122
7-texmf/tex/latex/base/inputenc.sty
Package: inputenc 2021/02/14 v1.3d Input encoding file
\inpenc@prehook=\toks45
\inpenc@posthook=\toks46
)
(/nix/store/c5rdayr3rippgdlzj765bhq3yfm066hw-texlive-combined-full-2022.2022122
7-texmf/tex/latex/base/textcomp.sty
Package: textcomp 2020/02/02 v2.0n Standard LaTeX package
)
(/nix/store/c5rdayr3rippgdlzj765bhq3yfm066hw-texlive-combined-full-2022.2022122
7-texmf/tex/latex/upquote/upquote.sty
Package: upquote 2012/04/19 v1.3 upright-quote and grave-accent glyphs in verba
tim
)
(/nix/store/c5rdayr3rippgdlzj765bhq3yfm066hw-texlive-combined-full-2022.2022122
7-texmf/tex/latex/microtype/microtype.sty
Package: microtype 2023/03/13 v3.1a Micro-typographical refinements (RS)
\MT@toks=\toks47
\MT@tempbox=\box77
\MT@count=\count343
LaTeX Info: Redefining \noprotrusionifhmode on input line 1059.
LaTeX Info: Redefining \leftprotrusion on input line 1060.
\MT@prot@toks=\toks48
LaTeX Info: Redefining \rightprotrusion on input line 1078.
LaTeX Info: Redefining \textls on input line 1368.
\MT@outer@kern=\dimen298
LaTeX Info: Redefining \textmicrotypecontext on input line 1988.
\MT@listname@count=\count344

(/nix/store/c5rdayr3rippgdlzj765bhq3yfm066hw-texlive-combined-full-2022.2022122
7-texmf/tex/latex/microtype/microtype-pdftex.def
File: microtype-pdftex.def 2023/03/13 v3.1a Definitions specific to pdftex (RS)

LaTeX Info: Redefining \lsstyle on input line 902.
LaTeX Info: Redefining \lslig on input line 902.
\MT@outer@space=\skip68
)
Package microtype Info: Loading configuration file microtype.cfg.

(/nix/store/c5rdayr3rippgdlzj765bhq3yfm066hw-texlive-combined-full-2022.2022122
7-texmf/tex/latex/microtype/microtype.cfg
File: microtype.cfg 2023/03/13 v3.1a microtype main configuration file (RS)
))
(/nix/store/c5rdayr3rippgdlzj765bhq3yfm066hw-texlive-combined-full-2022.2022122
7-texmf/tex/latex/parskip/parskip.sty
Package: parskip 2021-03-14 v2.0h non-zero parskip adjustments
)
(/nix/store/c5rdayr3rippgdlzj765bhq3yfm066hw-texlive-combined-full-2022.2022122
7-texmf/tex/latex/beamertheme-metropolis/beamerthememetropolis.sty
Package: beamerthememetropolis 2017/01/23 v1.2 Metropolis Beamer theme

(/nix/store/c5rdayr3rippgdlzj765bhq3yfm066hw-texlive-combined-full-2022.2022122
7-texmf/tex/latex/pgfopts/pgfopts.sty
Package: pgfopts 2014/07/10 v2.1a LaTeX package options with pgfkeys
\pgfopts@list@add@a@toks=\toks49
\pgfopts@list@add@b@toks=\toks50
)
(/nix/store/c5rdayr3rippgdlzj765bhq3yfm066hw-texlive-combined-full-2022.2022122
7-texmf/tex/latex/beamertheme-metropolis/beamerinnerthememetropolis.sty
Package: beamerinnerthememetropolis 2017/01/23 Metropolis inner theme

(/nix/store/c5rdayr3rippgdlzj765bhq3yfm066hw-texlive-combined-full-2022.2022122
7-texmf/tex/latex/pgf/frontendlayer/tikz.sty
(/nix/store/c5rdayr3rippgdlzj765bhq3yfm066hw-texlive-combined-full-2022.2022122
7-texmf/tex/latex/pgf/basiclayer/pgf.sty
Package: pgf 2023-01-15 v3.1.10 (3.1.10)

(/nix/store/c5rdayr3rippgdlzj765bhq3yfm066hw-texlive-combined-full-2022.2022122
7-texmf/tex/generic/pgf/modules/pgfmoduleshapes.code.tex
File: pgfmoduleshapes.code.tex 2023-01-15 v3.1.10 (3.1.10)
\pgfnodeparttextbox=\box78
)
(/nix/store/c5rdayr3rippgdlzj765bhq3yfm066hw-texlive-combined-full-2022.2022122
7-texmf/tex/generic/pgf/modules/pgfmoduleplot.code.tex
File: pgfmoduleplot.code.tex 2023-01-15 v3.1.10 (3.1.10)
)
(/nix/store/c5rdayr3rippgdlzj765bhq3yfm066hw-texlive-combined-full-2022.2022122
7-texmf/tex/latex/pgf/compatibility/pgfcomp-version-0-65.sty
Package: pgfcomp-version-0-65 2023-01-15 v3.1.10 (3.1.10)
\pgf@nodesepstart=\dimen299
\pgf@nodesepend=\dimen300
)
(/nix/store/c5rdayr3rippgdlzj765bhq3yfm066hw-texlive-combined-full-2022.2022122
7-texmf/tex/latex/pgf/compatibility/pgfcomp-version-1-18.sty
Package: pgfcomp-version-1-18 2023-01-15 v3.1.10 (3.1.10)
))
(/nix/store/c5rdayr3rippgdlzj765bhq3yfm066hw-texlive-combined-full-2022.2022122
7-texmf/tex/latex/pgf/utilities/pgffor.sty
(/nix/store/c5rdayr3rippgdlzj765bhq3yfm066hw-texlive-combined-full-2022.2022122
7-texmf/tex/generic/pgf/utilities/pgffor.code.tex
Package: pgffor 2023-01-15 v3.1.10 (3.1.10)
\pgffor@iter=\dimen301
\pgffor@skip=\dimen302
\pgffor@stack=\toks51
\pgffor@toks=\toks52
))
(/nix/store/c5rdayr3rippgdlzj765bhq3yfm066hw-texlive-combined-full-2022.2022122
7-texmf/tex/generic/pgf/frontendlayer/tikz/tikz.code.tex
Package: tikz 2023-01-15 v3.1.10 (3.1.10)

(/nix/store/c5rdayr3rippgdlzj765bhq3yfm066hw-texlive-combined-full-2022.2022122
7-texmf/tex/generic/pgf/libraries/pgflibraryplothandlers.code.tex
File: pgflibraryplothandlers.code.tex 2023-01-15 v3.1.10 (3.1.10)
\pgf@plot@mark@count=\count345
\pgfplotmarksize=\dimen303
)
\tikz@lastx=\dimen304
\tikz@lasty=\dimen305
\tikz@lastxsaved=\dimen306
\tikz@lastysaved=\dimen307
\tikz@lastmovetox=\dimen308
\tikz@lastmovetoy=\dimen309
\tikzleveldistance=\dimen310
\tikzsiblingdistance=\dimen311
\tikz@figbox=\box79
\tikz@figbox@bg=\box80
\tikz@tempbox=\box81
\tikz@tempbox@bg=\box82
\tikztreelevel=\count346
\tikznumberofchildren=\count347
\tikznumberofcurrentchild=\count348
\tikz@fig@count=\count349

(/nix/store/c5rdayr3rippgdlzj765bhq3yfm066hw-texlive-combined-full-2022.2022122
7-texmf/tex/generic/pgf/modules/pgfmodulematrix.code.tex
File: pgfmodulematrix.code.tex 2023-01-15 v3.1.10 (3.1.10)
\pgfmatrixcurrentrow=\count350
\pgfmatrixcurrentcolumn=\count351
\pgf@matrix@numberofcolumns=\count352
)
\tikz@expandcount=\count353

(/nix/store/c5rdayr3rippgdlzj765bhq3yfm066hw-texlive-combined-full-2022.2022122
7-texmf/tex/generic/pgf/frontendlayer/tikz/libraries/tikzlibrarytopaths.code.te
x
File: tikzlibrarytopaths.code.tex 2023-01-15 v3.1.10 (3.1.10)
)))
\metropolis@titleseparator@linewidth=\skip69
\metropolis@progressonsectionpage=\skip70
\metropolis@progressonsectionpage@linewidth=\skip71
\metropolis@blocksep=\skip72
\metropolis@blockadjust=\skip73
\metropolis@parskip=\skip74
)
(/nix/store/c5rdayr3rippgdlzj765bhq3yfm066hw-texlive-combined-full-2022.2022122
7-texmf/tex/latex/beamertheme-metropolis/beamerouterthememetropolis.sty
Package: beamerouterthememetropolis 2017/01/23 Metropolis outer theme
\metropolis@frametitle@padding=\skip75
\metropolis@progressinheadfoot=\skip76
\metropolis@progressinheadfoot@linewidth=\skip77
)
(/nix/store/c5rdayr3rippgdlzj765bhq3yfm066hw-texlive-combined-full-2022.2022122
7-texmf/tex/latex/beamertheme-metropolis/beamercolorthememetropolis.sty
Package: beamercolorthememetropolis 2017/01/23 Metropolis color theme
)
(/nix/store/c5rdayr3rippgdlzj765bhq3yfm066hw-texlive-combined-full-2022.2022122
7-texmf/tex/latex/beamertheme-metropolis/beamerfontthememetropolis.sty
Package: beamerfontthememetropolis 2017/01/23 Metropolis font theme

(/nix/store/c5rdayr3rippgdlzj765bhq3yfm066hw-texlive-combined-full-2022.2022122
7-texmf/tex/generic/iftex/ifxetex.sty
Package: ifxetex 2019/10/25 v0.7 ifxetex legacy package. Use iftex instead.
)
(/nix/store/c5rdayr3rippgdlzj765bhq3yfm066hw-texlive-combined-full-2022.2022122
7-texmf/tex/generic/iftex/ifluatex.sty
Package: ifluatex 2019/10/25 v1.5 ifluatex legacy package. Use iftex instead.
)

Package beamerthememetropolis Warning: You need to compile with XeLaTeX or LuaL
aTeX to use the Fira fonts on input line 95.

))
(/nix/store/c5rdayr3rippgdlzj765bhq3yfm066hw-texlive-combined-full-2022.2022122
7-texmf/tex/latex/appendixnumberbeamer/appendixnumberbeamer.sty)
(/nix/store/c5rdayr3rippgdlzj765bhq3yfm066hw-texlive-combined-full-2022.2022122
7-texmf/tex/latex/tcolorbox/tcolorbox.sty
Package: tcolorbox 2023/02/12 version 6.0.1 text color boxes

(/nix/store/c5rdayr3rippgdlzj765bhq3yfm066hw-texlive-combined-full-2022.2022122
7-texmf/tex/latex/tools/verbatim.sty
Package: verbatim 2022-07-02 v1.5u LaTeX2e package for verbatim enhancements
\every@verbatim=\toks53
\verbatim@line=\toks54
\verbatim@in@stream=\read3
)
(/nix/store/c5rdayr3rippgdlzj765bhq3yfm066hw-texlive-combined-full-2022.2022122
7-texmf/tex/latex/environ/environ.sty
Package: environ 2014/05/04 v0.3 A new way to define environments

(/nix/store/c5rdayr3rippgdlzj765bhq3yfm066hw-texlive-combined-full-2022.2022122
7-texmf/tex/latex/trimspaces/trimspaces.sty
Package: trimspaces 2009/09/17 v1.1 Trim spaces around a token list
))
\tcb@titlebox=\box83
\tcb@upperbox=\box84
\tcb@lowerbox=\box85
\tcb@phantombox=\box86
\c@tcbbreakpart=\count354
\c@tcblayer=\count355
\c@tcolorbox@number=\count356
\tcb@temp=\box87
\tcb@temp=\box88
\tcb@temp=\box89
\tcb@temp=\box90
)
(/nix/store/c5rdayr3rippgdlzj765bhq3yfm066hw-texlive-combined-full-2022.2022122
7-texmf/tex/latex/bookmark/bookmark.sty
Package: bookmark 2020-11-06 v1.29 PDF bookmarks (HO)

(/nix/store/c5rdayr3rippgdlzj765bhq3yfm066hw-texlive-combined-full-2022.2022122
7-texmf/tex/latex/bookmark/bkm-pdftex.def
File: bkm-pdftex.def 2020-11-06 v1.29 bookmark driver for pdfTeX (HO)
\BKM@id=\count357
))
(/nix/store/c5rdayr3rippgdlzj765bhq3yfm066hw-texlive-combined-full-2022.2022122
7-texmf/tex/latex/xurl/xurl.sty
Package: xurl 2022/01/09 v 0.10 modify URL breaks
)

Package hyperref Warning: Token not allowed in a PDF string (Unicode):
(hyperref)                removing `\hfill' on input line 134.


(/nix/store/c5rdayr3rippgdlzj765bhq3yfm066hw-texlive-combined-full-2022.2022122
7-texmf/tex/latex/l3backend/l3backend-pdftex.def
File: l3backend-pdftex.def 2023-01-16 L3 backend support: PDF output (pdfTeX)
\l__color_backend_stack_int=\count358
\l__pdf_internal_box=\box91
) (./r_and_git.aux)
\openout1 = `r_and_git.aux'.

LaTeX Font Info:    Checking defaults for OML/cmm/m/it on input line 134.
LaTeX Font Info:    ... okay on input line 134.
LaTeX Font Info:    Checking defaults for OMS/cmsy/m/n on input line 134.
LaTeX Font Info:    ... okay on input line 134.
LaTeX Font Info:    Checking defaults for OT1/cmr/m/n on input line 134.
LaTeX Font Info:    ... okay on input line 134.
LaTeX Font Info:    Checking defaults for T1/cmr/m/n on input line 134.
LaTeX Font Info:    ... okay on input line 134.
LaTeX Font Info:    Checking defaults for TS1/cmr/m/n on input line 134.
LaTeX Font Info:    ... okay on input line 134.
LaTeX Font Info:    Checking defaults for OMX/cmex/m/n on input line 134.
LaTeX Font Info:    ... okay on input line 134.
LaTeX Font Info:    Checking defaults for U/cmr/m/n on input line 134.
LaTeX Font Info:    ... okay on input line 134.
LaTeX Font Info:    Checking defaults for PD1/pdf/m/n on input line 134.
LaTeX Font Info:    ... okay on input line 134.
LaTeX Font Info:    Checking defaults for PU/pdf/m/n on input line 134.
LaTeX Font Info:    ... okay on input line 134.
*geometry* driver: auto-detecting
*geometry* detected driver: pdftex
*geometry* verbose mode - [ preamble ] result:
* driver: pdftex
* paper: custom
* layout: <same size as paper>
* layoutoffset:(h,v)=(0.0pt,0.0pt)
* modes: includehead includefoot 
* h-part:(L,W,R)=(28.45274pt, 307.28987pt, 28.45274pt)
* v-part:(T,H,B)=(0.0pt, 273.14662pt, 0.0pt)
* \paperwidth=364.19536pt
* \paperheight=273.14662pt
* \textwidth=307.28987pt
* \textheight=244.6939pt
* \oddsidemargin=-43.81725pt
* \evensidemargin=-43.81725pt
* \topmargin=-72.26999pt
* \headheight=14.22636pt
* \headsep=0.0pt
* \topskip=9.0pt
* \footskip=14.22636pt
* \marginparwidth=4.0pt
* \marginparsep=10.0pt
* \columnsep=10.0pt
* \skip\footins=8.0pt plus 4.0pt minus 2.0pt
* \hoffset=0.0pt
* \voffset=0.0pt
* \mag=1000
* \@twocolumnfalse
* \@twosidefalse
* \@mparswitchfalse
* \@reversemarginfalse
* (1in=72.27pt=25.4mm, 1cm=28.453pt)


(/nix/store/c5rdayr3rippgdlzj765bhq3yfm066hw-texlive-combined-full-2022.2022122
7-texmf/tex/context/base/mkii/supp-pdf.mkii
[Loading MPS to PDF converter (version 2006.09.02).]
\scratchcounter=\count359
\scratchdimen=\dimen312
\scratchbox=\box92
\nofMPsegments=\count360
\nofMParguments=\count361
\everyMPshowfont=\toks55
\MPscratchCnt=\count362
\MPscratchDim=\dimen313
\MPnumerator=\count363
\makeMPintoPDFobject=\count364
\everyMPtoPDFconversion=\toks56
)
(/nix/store/c5rdayr3rippgdlzj765bhq3yfm066hw-texlive-combined-full-2022.2022122
7-texmf/tex/latex/epstopdf-pkg/epstopdf-base.sty
Package: epstopdf-base 2020-01-24 v2.11 Base part for package epstopdf
Package epstopdf-base Info: Redefining graphics rule for `.eps' on input line 4
85.

(/nix/store/c5rdayr3rippgdlzj765bhq3yfm066hw-texlive-combined-full-2022.2022122
7-texmf/tex/latex/latexconfig/epstopdf-sys.cfg
File: epstopdf-sys.cfg 2010/07/13 v1.3 Configuration of (r)epstopdf for TeX Liv
e
))
Package hyperref Info: Link coloring OFF on input line 134.
LaTeX Font Info:    Overwriting symbol font `operators' in version `normal'
(Font)                  OT1/lmr/m/n --> OT1/cmss/m/n on input line 134.
LaTeX Font Info:    Overwriting symbol font `operators' in version `bold'
(Font)                  OT1/lmr/bx/n --> OT1/cmss/b/n on input line 134.
LaTeX Font Info:    Overwriting symbol font `operators' in version `normal'
(Font)                  OT1/cmss/m/n --> OT1/lmss/m/n on input line 134.
LaTeX Font Info:    Overwriting symbol font `operators' in version `bold'
(Font)                  OT1/cmss/b/n --> OT1/lmss/b/n on input line 134.
\symnumbers=\mathgroup6
\sympureletters=\mathgroup7
LaTeX Font Info:    Overwriting math alphabet `\mathrm' in version `normal'
(Font)                  OT1/lmss/m/n --> T1/lmr/m/n on input line 134.
LaTeX Font Info:    Redeclaring math alphabet \mathbf on input line 134.
LaTeX Font Info:    Overwriting math alphabet `\mathbf' in version `normal'
(Font)                  OT1/lmr/bx/n --> T1/lmss/b/n on input line 134.
LaTeX Font Info:    Overwriting math alphabet `\mathbf' in version `bold'
(Font)                  OT1/lmr/bx/n --> T1/lmss/b/n on input line 134.
LaTeX Font Info:    Redeclaring math alphabet \mathsf on input line 134.
LaTeX Font Info:    Overwriting math alphabet `\mathsf' in version `normal'
(Font)                  OT1/lmss/m/n --> T1/lmss/m/n on input line 134.
LaTeX Font Info:    Overwriting math alphabet `\mathsf' in version `bold'
(Font)                  OT1/lmss/bx/n --> T1/lmss/m/n on input line 134.
LaTeX Font Info:    Redeclaring math alphabet \mathit on input line 134.
LaTeX Font Info:    Overwriting math alphabet `\mathit' in version `normal'
(Font)                  OT1/lmr/m/it --> T1/lmss/m/it on input line 134.
LaTeX Font Info:    Overwriting math alphabet `\mathit' in version `bold'
(Font)                  OT1/lmr/bx/it --> T1/lmss/m/it on input line 134.
LaTeX Font Info:    Redeclaring math alphabet \mathtt on input line 134.
LaTeX Font Info:    Overwriting math alphabet `\mathtt' in version `normal'
(Font)                  OT1/lmtt/m/n --> T1/lmtt/m/n on input line 134.
LaTeX Font Info:    Overwriting math alphabet `\mathtt' in version `bold'
(Font)                  OT1/lmtt/m/n --> T1/lmtt/m/n on input line 134.
LaTeX Font Info:    Overwriting symbol font `numbers' in version `bold'
(Font)                  T1/lmss/m/n --> T1/lmss/b/n on input line 134.
LaTeX Font Info:    Overwriting symbol font `pureletters' in version `bold'
(Font)                  T1/lmss/m/it --> T1/lmss/b/it on input line 134.
LaTeX Font Info:    Overwriting math alphabet `\mathrm' in version `bold'
(Font)                  OT1/lmss/b/n --> T1/lmr/b/n on input line 134.
LaTeX Font Info:    Overwriting math alphabet `\mathbf' in version `bold'
(Font)                  T1/lmss/b/n --> T1/lmss/b/n on input line 134.
LaTeX Font Info:    Overwriting math alphabet `\mathsf' in version `bold'
(Font)                  T1/lmss/m/n --> T1/lmss/b/n on input line 134.
LaTeX Font Info:    Overwriting math alphabet `\mathit' in version `bold'
(Font)                  T1/lmss/m/it --> T1/lmss/b/it on input line 134.
LaTeX Font Info:    Overwriting math alphabet `\mathtt' in version `bold'
(Font)                  T1/lmtt/m/n --> T1/lmtt/b/n on input line 134.

(/nix/store/c5rdayr3rippgdlzj765bhq3yfm066hw-texlive-combined-full-2022.2022122
7-texmf/tex/latex/translator/translator-basic-dictionary-English.dict
Dictionary: translator-basic-dictionary, Language: English 
)
(/nix/store/c5rdayr3rippgdlzj765bhq3yfm066hw-texlive-combined-full-2022.2022122
7-texmf/tex/latex/translator/translator-bibliography-dictionary-English.dict
Dictionary: translator-bibliography-dictionary, Language: English 
)
(/nix/store/c5rdayr3rippgdlzj765bhq3yfm066hw-texlive-combined-full-2022.2022122
7-texmf/tex/latex/translator/translator-environment-dictionary-English.dict
Dictionary: translator-environment-dictionary, Language: English 
)
(/nix/store/c5rdayr3rippgdlzj765bhq3yfm066hw-texlive-combined-full-2022.2022122
7-texmf/tex/latex/translator/translator-months-dictionary-English.dict
Dictionary: translator-months-dictionary, Language: English 
)
(/nix/store/c5rdayr3rippgdlzj765bhq3yfm066hw-texlive-combined-full-2022.2022122
7-texmf/tex/latex/translator/translator-numbers-dictionary-English.dict
Dictionary: translator-numbers-dictionary, Language: English 
)
(/nix/store/c5rdayr3rippgdlzj765bhq3yfm066hw-texlive-combined-full-2022.2022122
7-texmf/tex/latex/translator/translator-theorem-dictionary-English.dict
Dictionary: translator-theorem-dictionary, Language: English 
)
LaTeX Info: Redefining \microtypecontext on input line 134.
Package microtype Info: Applying patch `item' on input line 134.
Package microtype Info: Applying patch `toc' on input line 134.
Package microtype Info: Applying patch `eqnum' on input line 134.
Package microtype Info: Applying patch `footnote' on input line 134.
Package microtype Info: Applying patch `verbatim' on input line 134.
Package microtype Info: Generating PDF output.
Package microtype Info: Character protrusion enabled (level 2).
Package microtype Info: Using protrusion set `basicmath'.
Package microtype Info: Automatic font expansion enabled (level 2),
(microtype)             stretch: 20, shrink: 20, step: 1, non-selected.
Package microtype Info: Using default expansion set `alltext-nott'.
LaTeX Info: Redefining \showhyphens on input line 134.
Package microtype Info: No adjustment of tracking.
Package microtype Info: No adjustment of interword spacing.
Package microtype Info: No adjustment of character kerning.
Package microtype Info: Loading generic protrusion settings for font family
(microtype)             `lmss' (encoding: T1).
(microtype)             For optimal results, create family-specific settings.
(microtype)             See the microtype manual for details.

Package hyperref Warning: Option `pdfauthor' has already been used,
(hyperref)                setting the option has no effect on input line 134.

(./r_and_git.nav)
Overfull \hbox (1.18056pt too wide) in paragraph at lines 134--134
[]|  [][][]  
 []

<Logo.png, id=14, 803.0pt x 338.26375pt>
File: Logo.png Graphic file (type png)
<use Logo.png>
Package pdftex.def Info: Logo.png  used on input line 135.
(pdftex.def)             Requested size: 74.28859pt x 31.2982pt.

Overfull \vbox (49.79802pt too high) detected at line 135
 []

LaTeX Font Info:    Trying to load font information for OT1+lmss on input line 
135.

(/nix/store/c5rdayr3rippgdlzj765bhq3yfm066hw-texlive-combined-full-2022.2022122
7-texmf/tex/latex/lm/ot1lmss.fd
File: ot1lmss.fd 2015/05/01 v1.6.1 Font defs for Latin Modern
)
Package microtype Info: Loading generic protrusion settings for font family
(microtype)             `lmss' (encoding: OT1).
(microtype)             For optimal results, create family-specific settings.
(microtype)             See the microtype manual for details.
LaTeX Font Info:    Trying to load font information for OML+lmm on input line 1
35.

(/nix/store/c5rdayr3rippgdlzj765bhq3yfm066hw-texlive-combined-full-2022.2022122
7-texmf/tex/latex/lm/omllmm.fd
File: omllmm.fd 2015/05/01 v1.6.1 Font defs for Latin Modern
)
LaTeX Font Info:    Trying to load font information for OMS+lmsy on input line 
135.

(/nix/store/c5rdayr3rippgdlzj765bhq3yfm066hw-texlive-combined-full-2022.2022122
7-texmf/tex/latex/lm/omslmsy.fd
File: omslmsy.fd 2015/05/01 v1.6.1 Font defs for Latin Modern
)
LaTeX Font Info:    Trying to load font information for OMX+lmex on input line 
135.

(/nix/store/c5rdayr3rippgdlzj765bhq3yfm066hw-texlive-combined-full-2022.2022122
7-texmf/tex/latex/lm/omxlmex.fd
File: omxlmex.fd 2015/05/01 v1.6.1 Font defs for Latin Modern
)
LaTeX Font Info:    External font `lmex10' loaded for size
(Font)              <8> on input line 135.
LaTeX Font Info:    External font `lmex10' loaded for size
(Font)              <6> on input line 135.
LaTeX Font Info:    External font `lmex10' loaded for size
(Font)              <5> on input line 135.
LaTeX Font Info:    Trying to load font information for U+msa on input line 135
.

(/nix/store/c5rdayr3rippgdlzj765bhq3yfm066hw-texlive-combined-full-2022.2022122
7-texmf/tex/latex/amsfonts/umsa.fd
File: umsa.fd 2013/01/14 v3.01 AMS symbols A
)
(/nix/store/c5rdayr3rippgdlzj765bhq3yfm066hw-texlive-combined-full-2022.2022122
7-texmf/tex/latex/microtype/mt-msa.cfg
File: mt-msa.cfg 2006/02/04 v1.1 microtype config. file: AMS symbols (a) (RS)
)
LaTeX Font Info:    Trying to load font information for U+msb on input line 135
.

(/nix/store/c5rdayr3rippgdlzj765bhq3yfm066hw-texlive-combined-full-2022.2022122
7-texmf/tex/latex/amsfonts/umsb.fd
File: umsb.fd 2013/01/14 v3.01 AMS symbols B
)
(/nix/store/c5rdayr3rippgdlzj765bhq3yfm066hw-texlive-combined-full-2022.2022122
7-texmf/tex/latex/microtype/mt-msb.cfg
File: mt-msb.cfg 2005/06/01 v1.0 microtype config. file: AMS symbols (b) (RS)
)
LaTeX Font Info:    Font shape `T1/lmss/m/it' in size <8> not available
(Font)              Font shape `T1/lmss/m/sl' tried instead on input line 135.
LaTeX Font Info:    Font shape `T1/lmss/m/it' in size <6> not available
(Font)              Font shape `T1/lmss/m/sl' tried instead on input line 135.
LaTeX Font Info:    Font shape `T1/lmss/m/it' in size <5> not available
(Font)              Font shape `T1/lmss/m/sl' tried instead on input line 135.

Overfull \vbox (27.59224pt too high) detected at line 135
 []


Overfull \hbox (1.18056pt too wide) has occurred while \output is active
[]|  [][][] 
 []

[1

{/nix/store/zi899rnhfwhmpsv3b1zvw7qvk9kckya5-texlive-combined-full-2022.2022122
7/share/texmf-var/fonts/map/pdftex/updmap/pdftex.map} <./Logo.png>]
LaTeX Font Info:    Trying to load font information for TS1+lmss on input line 
163.

(/nix/store/c5rdayr3rippgdlzj765bhq3yfm066hw-texlive-combined-full-2022.2022122
7-texmf/tex/latex/lm/ts1lmss.fd
File: ts1lmss.fd 2015/05/01 v1.6.1 Font defs for Latin Modern
)
Overfull \hbox (1.18056pt too wide) has occurred while \output is active
[]|  [][][] 
 []

[2

] (./r_and_git.toc)
LaTeX Font Info:    External font `lmex10' loaded for size
(Font)              <9> on input line 172.
LaTeX Font Info:    Font shape `T1/lmss/m/it' in size <9> not available
(Font)              Font shape `T1/lmss/m/sl' tried instead on input line 172.

Overfull \hbox (1.18056pt too wide) has occurred while \output is active
[]|  [][][] 
 []

[3

]
Overfull \hbox (1.18056pt too wide) has occurred while \output is active
[]|  [][][] 
 []

[4

] [5

]
<git_logo.png, id=69, 220.825pt x 92.345pt>
File: git_logo.png Graphic file (type png)
<use git_logo.png>
Package pdftex.def Info: git_logo.png  used on input line 227.
(pdftex.def)             Requested size: 70.67535pt x 29.55522pt.

Overfull \hbox (1.18056pt too wide) has occurred while \output is active
[]|  [][][] 
 []

[6

 <./git_logo.png>]
<git_branching.png, id=78, 451.6875pt x 202.7575pt>
File: git_branching.png Graphic file (type png)
<use git_branching.png>
Package pdftex.def Info: git_branching.png  used on input line 239.
(pdftex.def)             Requested size: 245.83282pt x 110.35368pt.

Overfull \hbox (1.18056pt too wide) has occurred while \output is active
[]|  [][][] 
 []

[7

 <./git_branching.png>]
<git_commiting.png, id=89, 367.3725pt x 245.91875pt>
File: git_commiting.png Graphic file (type png)
<use git_commiting.png>
Package pdftex.def Info: git_commiting.png  used on input line 259.
(pdftex.def)             Requested size: 153.64493pt x 102.84988pt.

Overfull \hbox (1.18056pt too wide) has occurred while \output is active
[]|  [][][] 
 []

[8

 <./git_commiting.png (PNG copy)>]
\openout4 = `r_and_git.vrb'.

(./r_and_git.vrb
LaTeX Font Info:    Trying to load font information for T1+lmtt on input line 1
8.

(/nix/store/c5rdayr3rippgdlzj765bhq3yfm066hw-texlive-combined-full-2022.2022122
7-texmf/tex/latex/lm/t1lmtt.fd
File: t1lmtt.fd 2015/05/01 v1.6.1 Font defs for Latin Modern
))
Overfull \hbox (1.18056pt too wide) has occurred while \output is active
[]|  [][][] 
 []

[9

]
Overfull \hbox (1.18056pt too wide) has occurred while \output is active
[]|  [][][] 
 []

[10

] [11

]
Overfull \hbox (1.18056pt too wide) has occurred while \output is active
[]|  [][][] 
 []

[12

]
<present.png, id=132, 37.75739pt x 37.75739pt>
File: present.png Graphic file (type png)
<use present.png>
Package pdftex.def Info: present.png  used on input line 356.
(pdftex.def)             Requested size: 153.64493pt x 153.67412pt.

Overfull \hbox (1.18056pt too wide) has occurred while \output is active
[]|  [][][] 
 []

[13

 <./present.png>]
Overfull \hbox (1.18056pt too wide) has occurred while \output is active
[]|  [][][] 
 []

[14

]
<final_doc.png, id=149, 370.986pt x 501.072pt>
File: final_doc.png Graphic file (type png)
<use final_doc.png>
Package pdftex.def Info: final_doc.png  used on input line 389.
(pdftex.def)             Requested size: 153.64493pt x 207.5205pt.

Overfull \hbox (1.18056pt too wide) has occurred while \output is active
[]|  [][][] 
 []

[15

 <./final_doc.png>] [16

]
Overfull \hbox (1.18056pt too wide) has occurred while \output is active
[]|  [][][] 
 []

[17

] [18

]
Overfull \hbox (1.18056pt too wide) has occurred while \output is active
[]|  [][][] 
 []

[19

]
Overfull \hbox (1.18056pt too wide) has occurred while \output is active
[]|  [][][] 
 []

[20

]
Overfull \hbox (1.18056pt too wide) has occurred while \output is active
[]|  [][][] 
 []

[21

]
\tf@nav=\write5
\openout5 = `r_and_git.nav'.

\tf@toc=\write6
\openout6 = `r_and_git.toc'.

\tf@snm=\write7
\openout7 = `r_and_git.snm'.

(./r_and_git.aux) ) 
Here is how much of TeX's memory you used:
 30351 strings out of 476024
 649538 string characters out of 5764566
 1867388 words of memory out of 5000000
 50029 multiletter control sequences out of 15000+600000
 575822 words of font info for 118 fonts, out of 8000000 for 9000
 1141 hyphenation exceptions out of 8191
 128i,14n,122p,1928b,755s stack positions out of 10000i,1000n,20000p,200000b,200000s
{/nix/store/c5rdayr3rippgdlzj765bhq3yfm066hw-texlive-combine
d-full-2022.20221227-texmf/fonts/enc/dvips/lm/lm-ec.enc}{/nix/store/c5rdayr3rip
pgdlzj765bhq3yfm066hw-texlive-combined-full-2022.20221227-texmf/fonts/enc/dvips
/lm/lm-mathsy.enc}{/nix/store/c5rdayr3rippgdlzj765bhq3yfm066hw-texlive-combined
-full-2022.20221227-texmf/fonts/enc/dvips/lm/lm-ts1.enc}</nix/store/c5rdayr3rip
pgdlzj765bhq3yfm066hw-texlive-combined-full-2022.20221227-texmf/fonts/type1/pub
lic/lm/lmss10.pfb></nix/store/c5rdayr3rippgdlzj765bhq3yfm066hw-texlive-combined
-full-2022.20221227-texmf/fonts/type1/public/lm/lmss8.pfb></nix/store/c5rdayr3r
ippgdlzj765bhq3yfm066hw-texlive-combined-full-2022.20221227-texmf/fonts/type1/p
ublic/lm/lmss9.pfb></nix/store/c5rdayr3rippgdlzj765bhq3yfm066hw-texlive-combine
d-full-2022.20221227-texmf/fonts/type1/public/lm/lmssbx10.pfb></nix/store/c5rda
yr3rippgdlzj765bhq3yfm066hw-texlive-combined-full-2022.20221227-texmf/fonts/typ
e1/public/lm/lmsso9.pfb></nix/store/c5rdayr3rippgdlzj765bhq3yfm066hw-texlive-co
mbined-full-2022.20221227-texmf/fonts/type1/public/lm/lmsy9.pfb></nix/store/c5r
dayr3rippgdlzj765bhq3yfm066hw-texlive-combined-full-2022.20221227-texmf/fonts/t
ype1/public/lm/lmtt9.pfb>
Output written on r_and_git.pdf (21 pages, 388065 bytes).
PDF statistics:
 272 PDF objects out of 1000 (max. 8388607)
 212 compressed objects within 3 object streams
 65 named destinations out of 1000 (max. 500000)
 43113 words of extra memory for PDF output out of 51595 (max. 10000000)

